2025-04-28 20:50:58,647 - SLMonitor - INFO - SocketIO instance provided; real-time updates enabled.
2025-04-28 20:50:58,658 - SLMonitor - INFO - Synced 0 stopOrderIDs from TradeDetails.
2025-04-28 20:50:59,002 - SLMonitor - DEBUG - SLMonitor started listening.
2025-04-28 20:50:59,005 - SLMonitor - ERROR - Socket error: [WinError 10035] A non-blocking socket operation could not be completed immediately
2025-04-28 20:50:59,008 - SLMonitor - INFO - Retrying connection in 5 seconds...
2025-04-28 20:55:43,689 - SLMonitor - INFO - SocketIO instance provided; real-time updates enabled.
2025-04-28 20:55:43,690 - SLMonitor - INFO - Synced 0 stopOrderIDs from TradeDetails.
2025-04-28 20:55:44,111 - SLMonitor - DEBUG - SLMonitor started listening.
2025-04-28 20:55:44,113 - SLMonitor - ERROR - Socket error: [WinError 10035] A non-blocking socket operation could not be completed immediately
2025-04-28 20:55:44,118 - SLMonitor - INFO - Retrying connection in 5 seconds...
2025-04-28 20:56:51,457 - SLMonitor - INFO - SocketIO instance provided; real-time updates enabled.
2025-04-28 20:56:51,459 - SLMonitor - DEBUG - Creating temporary db_conn in thread: 45836
2025-04-28 20:56:51,462 - SLMonitor - INFO - Synced 0 stopOrderIDs from TradeDetails.
2025-04-28 20:56:51,877 - SLMonitor - DEBUG - SLMonitor started listening.
2025-04-28 20:56:51,879 - SLMonitor - DEBUG - Initialized db_conn in _listen_to_server thread: 34608
2025-04-28 20:56:51,888 - SLMonitor - ERROR - Socket error: [WinError 10035] A non-blocking socket operation could not be completed immediately
2025-04-28 20:56:51,891 - SLMonitor - INFO - Retrying connection in 5 seconds...
2025-04-28 20:56:56,896 - SLMonitor - DEBUG - Closed client_socket in _listen_to_server
2025-04-28 21:04:05,906 - SLMonitor - INFO - SocketIO instance provided; real-time updates enabled.
2025-04-28 21:04:05,906 - SLMonitor - DEBUG - Creating temporary db_conn in thread: 25832
2025-04-28 21:04:05,909 - SLMonitor - INFO - Synced 0 stopOrderIDs from TradeDetails.
2025-04-28 21:04:06,248 - SLMonitor - DEBUG - SLMonitor started listening.
2025-04-28 21:04:06,250 - SLMonitor - DEBUG - Initialized db_conn in _listen_to_server thread: 20452
2025-04-28 21:04:06,255 - SLMonitor - ERROR - Socket error: [WinError 10035] A non-blocking socket operation could not be completed immediately
2025-04-28 21:04:06,258 - SLMonitor - DEBUG - Closed client_socket in _cleanup_client_socket
2025-04-28 21:04:06,260 - SLMonitor - INFO - Retrying connection in 5 seconds...
2025-04-28 21:04:11,265 - SLMonitor - ERROR - Socket error: [WinError 10035] A non-blocking socket operation could not be completed immediately
2025-04-28 21:04:11,271 - SLMonitor - DEBUG - Closed client_socket in _cleanup_client_socket
2025-04-28 21:04:11,274 - SLMonitor - INFO - Retrying connection in 10 seconds...
2025-04-28 21:04:21,278 - SLMonitor - ERROR - Socket error: [WinError 10035] A non-blocking socket operation could not be completed immediately
2025-04-28 21:04:21,279 - SLMonitor - DEBUG - Closed client_socket in _cleanup_client_socket
2025-04-28 21:04:21,281 - SLMonitor - INFO - Retrying connection in 20 seconds...
2025-04-28 21:04:41,284 - SLMonitor - ERROR - Socket error: [WinError 10035] A non-blocking socket operation could not be completed immediately
2025-04-28 21:04:41,286 - SLMonitor - DEBUG - Closed client_socket in _cleanup_client_socket
2025-04-28 21:04:41,288 - SLMonitor - INFO - Retrying connection in 40 seconds...
2025-04-28 21:05:21,292 - SLMonitor - ERROR - Socket error: [WinError 10035] A non-blocking socket operation could not be completed immediately
2025-04-28 21:05:21,294 - SLMonitor - DEBUG - Closed client_socket in _cleanup_client_socket
2025-04-28 21:05:21,295 - SLMonitor - INFO - Retrying connection in 60 seconds...
2025-04-28 21:06:21,300 - SLMonitor - ERROR - Socket error: [WinError 10035] A non-blocking socket operation could not be completed immediately
2025-04-28 21:06:21,304 - SLMonitor - DEBUG - Closed client_socket in _cleanup_client_socket
2025-04-28 21:06:21,306 - SLMonitor - INFO - Retrying connection in 60 seconds...
2025-04-28 21:08:01,873 - SLMonitor - INFO - SocketIO instance provided; real-time updates enabled.
2025-04-28 21:08:01,874 - SLMonitor - DEBUG - Creating temporary db_conn in thread: 48964
2025-04-28 21:08:01,878 - SLMonitor - INFO - Synced 0 stopOrderIDs from TradeDetails.
2025-04-28 21:08:02,232 - SLMonitor - DEBUG - SLMonitor started listening.
2025-04-28 21:08:02,234 - SLMonitor - DEBUG - Initialized db_conn in _listen_to_server thread: 40076
2025-04-28 21:08:02,241 - SLMonitor - ERROR - Socket error: [WinError 10035] A non-blocking socket operation could not be completed immediately
2025-04-28 21:08:02,245 - SLMonitor - DEBUG - Closed client_socket in _cleanup_client_socket
2025-04-28 21:08:02,248 - SLMonitor - INFO - Retrying connection in 5 seconds...
2025-04-28 21:08:07,254 - SLMonitor - ERROR - Socket error: [WinError 10035] A non-blocking socket operation could not be completed immediately
2025-04-28 21:08:07,256 - SLMonitor - DEBUG - Closed client_socket in _cleanup_client_socket
2025-04-28 21:08:07,257 - SLMonitor - INFO - Retrying connection in 10 seconds...
2025-04-28 21:08:17,261 - SLMonitor - ERROR - Socket error: [WinError 10035] A non-blocking socket operation could not be completed immediately
2025-04-28 21:08:17,263 - SLMonitor - DEBUG - Closed client_socket in _cleanup_client_socket
2025-04-28 21:08:17,264 - SLMonitor - INFO - Retrying connection in 20 seconds...
2025-04-28 21:08:37,272 - SLMonitor - ERROR - Socket error: [WinError 10035] A non-blocking socket operation could not be completed immediately
2025-04-28 21:08:37,276 - SLMonitor - DEBUG - Closed client_socket in _cleanup_client_socket
2025-04-28 21:08:37,279 - SLMonitor - INFO - Retrying connection in 40 seconds...
2025-04-28 21:10:47,927 - SLMonitor - INFO - SocketIO instance provided; real-time updates enabled.
2025-04-28 21:10:47,927 - SLMonitor - DEBUG - Creating temporary db_conn in thread: 10856
2025-04-28 21:10:47,929 - SLMonitor - INFO - Synced 0 stopOrderIDs from TradeDetails.
2025-04-28 21:14:11,946 - SLMonitor - INFO - SocketIO instance provided; real-time updates enabled.
2025-04-28 21:14:11,947 - SLMonitor - DEBUG - Creating temporary db_conn in thread: 26568
2025-04-28 21:14:11,949 - SLMonitor - INFO - Synced 0 stopOrderIDs from TradeDetails.
2025-04-28 21:14:50,444 - SLMonitor - INFO - SocketIO instance provided; real-time updates enabled.
2025-04-28 21:14:50,445 - SLMonitor - DEBUG - Creating temporary db_conn in thread: 20484
2025-04-28 21:14:50,446 - SLMonitor - INFO - Synced 0 stopOrderIDs from TradeDetails.
2025-04-28 21:14:50,902 - SLMonitor - DEBUG - SLMonitor started listening.
2025-04-28 21:14:50,906 - SLMonitor - DEBUG - Initialized db_conn in _listen_to_server thread: 12192
2025-04-28 21:14:50,913 - SLMonitor - ERROR - Socket error: [WinError 10035] A non-blocking socket operation could not be completed immediately
2025-04-28 21:14:50,919 - SLMonitor - DEBUG - Closed client_socket in _cleanup_client_socket
2025-04-28 21:14:50,924 - SLMonitor - INFO - Retrying connection in 5 seconds...
2025-04-28 21:14:55,928 - SLMonitor - ERROR - Socket error: [WinError 10035] A non-blocking socket operation could not be completed immediately
2025-04-28 21:14:55,932 - SLMonitor - DEBUG - Closed client_socket in _cleanup_client_socket
2025-04-28 21:14:55,936 - SLMonitor - INFO - Retrying connection in 10 seconds...
2025-04-28 21:15:05,940 - SLMonitor - ERROR - Socket error: [WinError 10035] A non-blocking socket operation could not be completed immediately
2025-04-28 21:15:05,941 - SLMonitor - DEBUG - Closed client_socket in _cleanup_client_socket
2025-04-28 21:15:05,943 - SLMonitor - INFO - Retrying connection in 20 seconds...
2025-04-28 21:15:25,947 - SLMonitor - ERROR - Socket error: [WinError 10035] A non-blocking socket operation could not be completed immediately
2025-04-28 21:15:25,949 - SLMonitor - DEBUG - Closed client_socket in _cleanup_client_socket
2025-04-28 21:15:25,952 - SLMonitor - INFO - Retrying connection in 40 seconds...
2025-04-28 21:16:05,958 - SLMonitor - ERROR - Socket error: [WinError 10035] A non-blocking socket operation could not be completed immediately
2025-04-28 21:16:05,963 - SLMonitor - DEBUG - Closed client_socket in _cleanup_client_socket
2025-04-28 21:16:05,966 - SLMonitor - INFO - Retrying connection in 60 seconds...
